<?xml version="1.0" encoding="UTF-8"?>
<!-- Generated by org.testng.reporters.JUnitReportReporter -->
<testsuite hostname="EGCA1-0091" failures="0" tests="6" name="testCalculator.CalculatorTest" time="13.890" errors="0" timestamp="2022-01-18T08:58:56 EET" skipped="0">
  <testcase classname="testCalculator.CalculatorTest" name="Combination" time="3.959"/>
  <system-out/>
  <testcase classname="testCalculator.CalculatorTest" name="Multiplication" time="1.844"/>
  <system-out/>
  <testcase classname="testCalculator.CalculatorTest" name="Division" time="3.758"/>
  <system-out/>
  <testcase classname="testCalculator.CalculatorTest" name="Addition" time="2.008"/>
  <system-out/>
  <testcase classname="testCalculator.CalculatorTest" name="Clear" time="0.494"/>
  <system-out/>
  <testcase classname="testCalculator.CalculatorTest" name="Subtraction" time="1.827"/>
  <system-out/>
</testsuite> <!-- testCalculator.CalculatorTest -->
