<?xml version="1.0" encoding="UTF-8"?>
<!-- Generated by org.testng.reporters.JUnitReportReporter -->
<testsuite hostname="EGCA1-0091" failures="0" tests="6" name="testCalculator.CalculatorTest" time="12.589" errors="0" timestamp="2022-07-13T20:10:49 EET" skipped="0">
  <testcase classname="testCalculator.CalculatorTest" name="Multiplication" time="1.721"/>
  <system-out/>
  <testcase classname="testCalculator.CalculatorTest" name="Clear" time="0.407"/>
  <system-out/>
  <testcase classname="testCalculator.CalculatorTest" name="Combination" time="3.639"/>
  <system-out/>
  <testcase classname="testCalculator.CalculatorTest" name="Division" time="3.554"/>
  <system-out/>
  <testcase classname="testCalculator.CalculatorTest" name="Subtraction" time="1.601"/>
  <system-out/>
  <testcase classname="testCalculator.CalculatorTest" name="Addition" time="1.667"/>
  <system-out/>
</testsuite> <!-- testCalculator.CalculatorTest -->
